This file contains any messages produced by compilers while
running configure, to aid debugging if configure makes a mistake.

configure:527: checking for gcc
configure:604: checking whether the C compiler (gcc  ) works
configure:618: gcc -o conftest    conftest.c  1>&5
configure:638: checking whether the C compiler (gcc  ) is a cross-compiler
configure:643: checking whether we are using GNU C
configure:652: gcc -E conftest.c
configure:667: checking whether gcc accepts -g
configure:696: checking for socket in -lsocket
configure:715: gcc -o conftest -g -O2   conftest.c -lsocket   1>&5
/usr/bin/ld: cannot find -lsocket
collect2: ld returned 1 exit status
configure: failed program was:
#line 704 "configure"
#include "confdefs.h"
/* Override any gcc2 internal prototype to avoid an error.  */
/* We use char because int might match the return type of a gcc2
    builtin and then its argument prototype would still apply.  */
char socket();

int main() {
socket()
; return 0; }
configure:743: checking for gethostbyname in -lnsl
configure:762: gcc -o conftest -g -O2   conftest.c -lnsl   1>&5
configure:792: checking for environ declaration in unistd.h
configure:804: gcc -c -g -O2  conftest.c 1>&5
configure: In function 'main':
configure:800: error: 'environ' undeclared (first use in this function)
configure:800: error: (Each undeclared identifier is reported only once
configure:800: error: for each function it appears in.)
configure: failed program was:
#line 797 "configure"
#include "confdefs.h"
#include <unistd.h>
int main() {
char** e = environ; 
; return 0; }
configure:825: checking return type of signal handlers
configure:847: gcc -c -g -O2  conftest.c 1>&5
configure:868: checking for select
configure:896: gcc -o conftest -g -O2   conftest.c -lnsl  1>&5
configure:868: checking for socket
configure:896: gcc -o conftest -g -O2   conftest.c -lnsl  1>&5
configure:868: checking for strerror
configure:896: gcc -o conftest -g -O2   conftest.c -lnsl  1>&5
